xrun(64): 18.09-s011: (c) Copyright 1995-2019 Cadence Design Systems, Inc.
TOOL:	xrun(64)	18.09-s011: Started on Mar 16, 2022 at 18:42:46 CDT
xrun
	-64bit
	-gui
	-access r
	./test/sram_3_tb.v
	./extralib/sram_3.v
Recompiling... reason: file './extralib/sram_3.v' is newer than expected.
	expected: Wed Mar 16 18:34:32 2022
	actual:   Wed Mar 16 18:42:42 2022
file: ./extralib/sram_3.v
        1'h2 : hex = 1;
           |
xmvlog: *W,INTOVF (./extralib/sram_3.v,56|11): bit overflow during conversion from text [2.5(IEEE)] (1 bits).
        1'h3 : hex = 1;
           |
xmvlog: *W,INTOVF (./extralib/sram_3.v,57|11): bit overflow during conversion from text [2.5(IEEE)] (1 bits).
        1'h4 : hex = 1;
           |
xmvlog: *W,INTOVF (./extralib/sram_3.v,58|11): bit overflow during conversion from text [2.5(IEEE)] (1 bits).
        1'h5 : hex = 1;
           |
xmvlog: *W,INTOVF (./extralib/sram_3.v,59|11): bit overflow during conversion from text [2.5(IEEE)] (1 bits).
        1'h6 : hex = 1;
           |
xmvlog: *W,INTOVF (./extralib/sram_3.v,60|11): bit overflow during conversion from text [2.5(IEEE)] (1 bits).
        1'h7 : hex = 1;
           |
xmvlog: *W,INTOVF (./extralib/sram_3.v,61|11): bit overflow during conversion from text [2.5(IEEE)] (1 bits).
        1'h8 : hex = 1;
           |
xmvlog: *W,INTOVF (./extralib/sram_3.v,62|11): bit overflow during conversion from text [2.5(IEEE)] (1 bits).
        1'h9 : hex = 1;
           |
xmvlog: *W,INTOVF (./extralib/sram_3.v,63|11): bit overflow during conversion from text [2.5(IEEE)] (1 bits).
        1'ha : hex = 1;
           |
xmvlog: *W,INTOVF (./extralib/sram_3.v,64|11): bit overflow during conversion from text [2.5(IEEE)] (1 bits).
        1'hb : hex = 1;
           |
xmvlog: *W,INTOVF (./extralib/sram_3.v,65|11): bit overflow during conversion from text [2.5(IEEE)] (1 bits).
        1'hc : hex = 1;
           |
xmvlog: *W,INTOVF (./extralib/sram_3.v,66|11): bit overflow during conversion from text [2.5(IEEE)] (1 bits).
        1'hd : hex = 1;
           |
xmvlog: *W,INTOVF (./extralib/sram_3.v,67|11): bit overflow during conversion from text [2.5(IEEE)] (1 bits).
        1'he : hex = 1;
           |
xmvlog: *W,INTOVF (./extralib/sram_3.v,68|11): bit overflow during conversion from text [2.5(IEEE)] (1 bits).
        1'hf : hex = 1;
           |
xmvlog: *W,INTOVF (./extralib/sram_3.v,69|11): bit overflow during conversion from text [2.5(IEEE)] (1 bits).
        1'hA : hex = 1;
           |
xmvlog: *W,INTOVF (./extralib/sram_3.v,70|11): bit overflow during conversion from text [2.5(IEEE)] (1 bits).
        1'hB : hex = 1;
           |
xmvlog: *W,INTOVF (./extralib/sram_3.v,71|11): bit overflow during conversion from text [2.5(IEEE)] (1 bits).
        1'hC : hex = 1;
           |
xmvlog: *W,INTOVF (./extralib/sram_3.v,72|11): bit overflow during conversion from text [2.5(IEEE)] (1 bits).
        1'hD : hex = 1;
           |
xmvlog: *W,INTOVF (./extralib/sram_3.v,73|11): bit overflow during conversion from text [2.5(IEEE)] (1 bits).
        1'hE : hex = 1;
           |
xmvlog: *W,INTOVF (./extralib/sram_3.v,74|11): bit overflow during conversion from text [2.5(IEEE)] (1 bits).
        1'hF : hex = 1;
           |
xmvlog: *W,INTOVF (./extralib/sram_3.v,75|11): bit overflow during conversion from text [2.5(IEEE)] (1 bits).
        initiate();
                 |
xmvlog: *W,TMTPAR (./extralib/sram_3.v,186|17): A task enable with no arguments must not include an empty set of parentheses [10.2.2 (IEEE Std 1364-2005)].  The compiler has ignored the parentheses.  Use 'xmhelp xmvlog TMTPAR'  for further information.
        checkRAM();
                 |
xmvlog: *W,TMTPAR (./extralib/sram_3.v,191|17): A task enable with no arguments must not include an empty set of parentheses [10.2.2 (IEEE Std 1364-2005)].  The compiler has ignored the parentheses.  Use 'xmhelp xmvlog TMTPAR'  for further information.
	module worklib.sram_3:v
		errors: 0, warnings: 22
		Caching library 'worklib' ....... Done
	Elaborating the design hierarchy:
	Top level design units:
		sram_3_tb
	Building instance overlay tables: .................... Done
	Generating native compiled code:
		worklib.sram_3_tb:v <0x38eff333>
			streams:  15, words: 13794
		worklib.sram_3:v <0x3605a9ee>
			streams:  13, words: 18406
	Building instance specific data structures.
	Loading native compiled code:     .................... Done
	Design hierarchy summary:
		                  Instances  Unique
		Modules:                  2       2
		Registers:               38      38
		Scalar wires:             7       -
		Vectored wires:           9       -
		Always blocks:            1       1
		Initial blocks:           8       8
		Pseudo assignments:      13      13
		Simulation timescale:  10ps
	Writing initial simulation snapshot: worklib.sram_3_tb:v

-------------------------------------
Relinquished control to SimVision...
xcelium> 
xcelium> source /vol/cadence2018/XCELIUM1809/tools/xcelium/files/xmsimrc
xcelium> database -open waves -into waves.shm -default
Created default SHM database waves
xcelium> probe -create -shm sram_3_tb.sram3_ut.addr_0 sram_3_tb.sram3_ut.addr_1 sram_3_tb.sram3_ut.addr_2 sram_3_tb.sram3_ut.addr_found sram_3_tb.sram3_ut.addr_value sram_3_tb.sram3_ut.c sram_3_tb.sram3_ut.char sram_3_tb.sram3_ut.check_hex sram_3_tb.sram3_ut.check_sram sram_3_tb.sram3_ut.cs sram_3_tb.sram3_ut.data_value sram_3_tb.sram3_ut.dbuf sram_3_tb.sram3_ut.din_0 sram_3_tb.sram3_ut.din_1 sram_3_tb.sram3_ut.din_2 sram_3_tb.sram3_ut.dout_0 sram_3_tb.sram3_ut.dout_1 sram_3_tb.sram3_ut.dout_2 sram_3_tb.sram3_ut.file sram_3_tb.sram3_ut.i sram_3_tb.sram3_ut.initNeeded sram_3_tb.sram3_ut.line sram_3_tb.sram3_ut.mem sram_3_tb.sram3_ut.oe_0 sram_3_tb.sram3_ut.oe_1 sram_3_tb.sram3_ut.oe_2 sram_3_tb.sram3_ut.r sram_3_tb.sram3_ut.ram_size sram_3_tb.sram3_ut.slash sram_3_tb.sram3_ut.we_0 sram_3_tb.sram3_ut.we_1 sram_3_tb.sram3_ut.we_2
Created probe 1
xcelium> run
Now initializing sram
Addr is written: 00400020
Data is written: 20050001
Addr is written: 00400024
Data is written: 20060064
Addr is written: 00400028
Data is written: 20021000
Addr is written: 0040002c
Data is written: 00421400
Addr is written: 00400030
Data is written: 20470028
Addr is written: 00400034
Data is written: 8c430000
Addr is written: 00400038
Data is written: 00c3202a
Addr is written: 0040003c
Data is written: 10850002
Addr is written: 00400040
Data is written: 00c33022
Addr is written: 00400044
Data is written: ac400000
Addr is written: 00400048
Data is written: 20420004
Addr is written: 0040004c
Data is written: 1447fff9
Addr is written: 00400050
Data is written: ace60000
Addr is written: 10000000
Data is written: 0000000a
Addr is written: 10000004
Data is written: 00000009
Addr is written: 10000008
Data is written: 00000008
Addr is written: 1000000c
Data is written: 000002bc
Addr is written: 10000010
Data is written: 00000005
Addr is written: 10000014
Data is written: 00000006
Addr is written: 10000018
Data is written: 00000190
Addr is written: 1000001c
Data is written: 00000001
Addr is written: 10000020
Data is written: 00000002
Addr is written: 10000024
Data is written: 00000003
Addr is checking: 00400020
Data is checking: 20050001
Addr is checking: 00400024
Data is checking: 20060064
Addr is checking: 00400028
Data is checking: 20021000
Addr is checking: 0040002c
Data is checking: 00421400
Addr is checking: 00400030
Data is checking: 20470028
Addr is checking: 00400034
Data is checking: 8c430000
Addr is checking: 00400038
Data is checking: 00c3202a
Addr is checking: 0040003c
Data is checking: 10850002
Addr is checking: 00400040
Data is checking: 00c33022
Addr is checking: 00400044
Data is checking: ac400000
Addr is checking: 00400048
Data is checking: 20420004
Addr is checking: 0040004c
Data is checking: 1447fff9
Addr is checking: 00400050
Data is checking: ace60000
Addr is checking: 10000000
Data is checking: 0000000a
Addr is checking: 10000004
Data is checking: 00000009
Addr is checking: 10000008
Data is checking: 00000008
Addr is checking: 1000000c
Data is checking: 000002bc
Addr is checking: 10000010
Data is checking: 00000005
Addr is checking: 10000014
Data is checking: 00000006
Addr is checking: 10000018
Data is checking: 00000190
Addr is checking: 1000001c
Data is checking: 00000001
Addr is checking: 10000020
Data is checking: 00000002
Addr is checking: 10000024
Data is checking: 00000003
Addr is checking: xxxxxxxx
Data is checking: xxxxxxxx
Addr is checking: xxxxxxxx
Data is checking: xxxxxxxx
Addr is checking: xxxxxxxx
Data is checking: xxxxxxxx
Addr is checking: xxxxxxxx
Data is checking: xxxxxxxx
Addr is checking: xxxxxxxx
Data is checking: xxxxxxxx
Addr is checking: xxxxxxxx
Data is checking: xxxxxxxx
Addr is checking: xxxxxxxx
Data is checking: xxxxxxxx
Addr is checking: xxxxxxxx
Data is checking: xxxxxxxx
Addr is checking: xxxxxxxx
Data is checking: xxxxxxxx
Addr is checking: xxxxxxxx
Data is checking: xxxxxxxx
Addr is checking: xxxxxxxx
Data is checking: xxxxxxxx
Addr is checking: xxxxxxxx
Data is checking: xxxxxxxx
Addr is checking: xxxxxxxx
Data is checking: xxxxxxxx
Addr is checking: xxxxxxxx
Data is checking: xxxxxxxx
Addr is checking: xxxxxxxx
Data is checking: xxxxxxxx
Addr is checking: xxxxxxxx
Data is checking: xxxxxxxx
Addr is checking: xxxxxxxx
Data is checking: xxxxxxxx
Addr is checking: xxxxxxxx
Data is checking: xxxxxxxx
Addr is checking: xxxxxxxx
Data is checking: xxxxxxxx
Addr is checking: xxxxxxxx
Data is checking: xxxxxxxx
Addr is checking: xxxxxxxx
Data is checking: xxxxxxxx
Addr is checking: xxxxxxxx
Data is checking: xxxxxxxx
Addr is checking: xxxxxxxx
Data is checking: xxxxxxxx
Addr is checking: xxxxxxxx
Data is checking: xxxxxxxx
Addr is checking: xxxxxxxx
Data is checking: xxxxxxxx
Addr is checking: xxxxxxxx
Data is checking: xxxxxxxx
0xxxxxx         x         x         x         x         x         x         x         x         x
WRITE Addr FOUND!: 00400050
Wrote ffffffff to address!
WRITE Addr FOUND!: 0040003c
Wrote 0000000e to address!
READ Addr FOUND!: 0040003c
Writing to dout_1:         14
READ Addr FOUND!: 0040002c
Writing to dout_1:    4330496
1011110   4194384   4194364   41943484294967295        144294967295         x        14   4330496
WRITE Addr FOUND!: 10000024
Wrote 00000007 to address!
WRITE Addr FOUND!: 0040003c
Wrote 0000000e to address!
READ Addr FOUND!: 0040003c
Writing to dout_1:         14
READ Addr FOUND!: 0040002c
Writing to dout_1:    4330496
1011110 268435492   4194364   4194348         7        144294967295         x        14   4330496
WRITE Addr FOUND!: 10000024
Wrote 00000007 to address!
WRITE Addr FOUND!: 10000024
Wrote 00000009 to address!
READ Addr FOUND!: 10000024
Writing to dout_1:          9
READ Addr FOUND!: 00400020
Writing to dout_1:  537198593
1011110 268435492 268435492   4194336         7         94294967295         x         9 537198593
READ Addr FOUND!: 10000024
Writing to dout_0:          9
WRITE Addr FOUND!: 10000024
Wrote 00000009 to address!
READ Addr FOUND!: 10000024
Writing to dout_1:          9
READ Addr FOUND!: 00400020
Writing to dout_1:  537198593
1111010 268435492 268435492   4194336         7         94294967295         9         9 537198593
Simulation complete via $finish(1) at time 140 NS + 0
./test/sram_3_tb.v:79      $finish;
xcelium> ^C
xcelium> exit
TOOL:	xrun(64)	18.09-s011: Exiting on Mar 16, 2022 at 18:43:39 CDT  (total: 00:00:53)
